The system is: CYGWIN - 2.9.0(0.318/5/3) - x86_64
Compiling the C compiler identification source file "CMakeCCompilerId.c" succeeded.
Compiler: /usr/bin/cc 
Build flags: 
Id flags: 

The output was:
0


Compilation of the C compiler identification source "CMakeCCompilerId.c" produced "a.exe"

The C compiler identification is GNU, found in "/cygdrive/c/Users/Ethan Grant/CLionProjects/K_Means/cmake-build-debug/CMakeFiles/3.7.2/CompilerIdC/a.exe"

Compiling the CXX compiler identification source file "CMakeCXXCompilerId.cpp" succeeded.
Compiler: /usr/bin/c++.exe 
Build flags: 
Id flags: 

The output was:
0


Compilation of the CXX compiler identification source "CMakeCXXCompilerId.cpp" produced "a.exe"

The CXX compiler identification is GNU, found in "/cygdrive/c/Users/Ethan Grant/CLionProjects/K_Means/cmake-build-debug/CMakeFiles/3.7.2/CompilerIdCXX/a.exe"

Determining if the C compiler works passed with the following output:
Change Dir: /cygdrive/c/Users/Ethan Grant/CLionProjects/K_Means/cmake-build-debug/CMakeFiles/CMakeTmp

Run Build Command:"/usr/bin/make.exe" "cmTC_d08c8/fast"
/usr/bin/make -f CMakeFiles/cmTC_d08c8.dir/build.make CMakeFiles/cmTC_d08c8.dir/build
make[1]: Entering directory '/cygdrive/c/Users/Ethan Grant/CLionProjects/K_Means/cmake-build-debug/CMakeFiles/CMakeTmp'
Building C object CMakeFiles/cmTC_d08c8.dir/testCCompiler.c.o
/usr/bin/cc     -o CMakeFiles/cmTC_d08c8.dir/testCCompiler.c.o   -c "/cygdrive/c/Users/Ethan Grant/CLionProjects/K_Means/cmake-build-debug/CMakeFiles/CMakeTmp/testCCompiler.c"
Linking C executable cmTC_d08c8.exe
"/cygdrive/c/Users/Ethan Grant/.CLion2017.1/system/cygwin_cmake/bin/cmake.exe" -E cmake_link_script CMakeFiles/cmTC_d08c8.dir/link.txt --verbose=1
/usr/bin/cc     -Wl,--enable-auto-import  CMakeFiles/cmTC_d08c8.dir/testCCompiler.c.o  -o cmTC_d08c8.exe -Wl,--out-implib,libcmTC_d08c8.dll.a -Wl,--major-image-version,0,--minor-image-version,0 
make[1]: Leaving directory '/cygdrive/c/Users/Ethan Grant/CLionProjects/K_Means/cmake-build-debug/CMakeFiles/CMakeTmp'


Detecting C compiler ABI info compiled with the following output:
Change Dir: /cygdrive/c/Users/Ethan Grant/CLionProjects/K_Means/cmake-build-debug/CMakeFiles/CMakeTmp

Run Build Command:"/usr/bin/make.exe" "cmTC_ce143/fast"
/usr/bin/make -f CMakeFiles/cmTC_ce143.dir/build.make CMakeFiles/cmTC_ce143.dir/build
make[1]: Entering directory '/cygdrive/c/Users/Ethan Grant/CLionProjects/K_Means/cmake-build-debug/CMakeFiles/CMakeTmp'
Building C object CMakeFiles/cmTC_ce143.dir/CMakeCCompilerABI.c.o
/usr/bin/cc     -o CMakeFiles/cmTC_ce143.dir/CMakeCCompilerABI.c.o   -c "/cygdrive/c/Users/Ethan Grant/.CLion2017.1/system/cygwin_cmake/share/cmake-3.7.2/Modules/CMakeCCompilerABI.c"
Linking C executable cmTC_ce143.exe
"/cygdrive/c/Users/Ethan Grant/.CLion2017.1/system/cygwin_cmake/bin/cmake.exe" -E cmake_link_script CMakeFiles/cmTC_ce143.dir/link.txt --verbose=1
/usr/bin/cc     -Wl,--enable-auto-import -v CMakeFiles/cmTC_ce143.dir/CMakeCCompilerABI.c.o  -o cmTC_ce143.exe -Wl,--out-implib,libcmTC_ce143.dll.a -Wl,--major-image-version,0,--minor-image-version,0  
Using built-in specs.
COLLECT_GCC=/usr/bin/cc
COLLECT_LTO_WRAPPER=/usr/lib/gcc/x86_64-pc-cygwin/6.4.0/lto-wrapper.exe
Target: x86_64-pc-cygwin
Configured with: /cygdrive/i/szsz/tmpp/gcc/gcc-6.4.0-4.x86_64/src/gcc-6.4.0/configure --srcdir=/cygdrive/i/szsz/tmpp/gcc/gcc-6.4.0-4.x86_64/src/gcc-6.4.0 --prefix=/usr --exec-prefix=/usr --localstatedir=/var --sysconfdir=/etc --docdir=/usr/share/doc/gcc --htmldir=/usr/share/doc/gcc/html -C --build=x86_64-pc-cygwin --host=x86_64-pc-cygwin --target=x86_64-pc-cygwin --without-libiconv-prefix --without-libintl-prefix --libexecdir=/usr/lib --enable-shared --enable-shared-libgcc --enable-static --enable-version-specific-runtime-libs --enable-bootstrap --enable-__cxa_atexit --with-dwarf2 --with-tune=generic --enable-languages=ada,c,c++,fortran,lto,objc,obj-c++ --enable-graphite --enable-threads=posix --enable-libatomic --enable-libcilkrts --enable-libgomp --enable-libitm --enable-libquadmath --enable-libquadmath-support --enable-libssp --enable-libada --disable-symvers --with-gnu-ld --with-gnu-as --with-cloog-include=/usr/include/cloog-isl --without-libiconv-prefix --without-libintl-prefix --with-system-zlib --enable-linker-build-id --with-default-libstdcxx-abi=gcc4-compatible
Thread model: posix
gcc version 6.4.0 (GCC) 
COMPILER_PATH=/usr/lib/gcc/x86_64-pc-cygwin/6.4.0/:/usr/lib/gcc/x86_64-pc-cygwin/6.4.0/:/usr/lib/gcc/x86_64-pc-cygwin/:/usr/lib/gcc/x86_64-pc-cygwin/6.4.0/:/usr/lib/gcc/x86_64-pc-cygwin/:/usr/lib/gcc/x86_64-pc-cygwin/6.4.0/../../../../x86_64-pc-cygwin/bin/
LIBRARY_PATH=/usr/lib/gcc/x86_64-pc-cygwin/6.4.0/:/usr/lib/gcc/x86_64-pc-cygwin/6.4.0/../../../../x86_64-pc-cygwin/lib/../lib/:/usr/lib/gcc/x86_64-pc-cygwin/6.4.0/../../../../lib/:/lib/../lib/:/usr/lib/../lib/:/usr/lib/gcc/x86_64-pc-cygwin/6.4.0/../../../../x86_64-pc-cygwin/lib/:/usr/lib/gcc/x86_64-pc-cygwin/6.4.0/../../../:/lib/:/usr/lib/
COLLECT_GCC_OPTIONS='-v' '-o' 'cmTC_ce143.exe' '-mtune=generic' '-march=x86-64'
 /usr/lib/gcc/x86_64-pc-cygwin/6.4.0/collect2.exe -plugin /usr/lib/gcc/x86_64-pc-cygwin/6.4.0/cyglto_plugin.dll -plugin-opt=/usr/lib/gcc/x86_64-pc-cygwin/6.4.0/lto-wrapper.exe -plugin-opt=-fresolution=/tmp/cc2oNsa5.res -plugin-opt=-pass-through=-lgcc_s -plugin-opt=-pass-through=-lgcc -plugin-opt=-pass-through=-lcygwin -plugin-opt=-pass-through=-ladvapi32 -plugin-opt=-pass-through=-lshell32 -plugin-opt=-pass-through=-luser32 -plugin-opt=-pass-through=-lkernel32 -plugin-opt=-pass-through=-lgcc_s -plugin-opt=-pass-through=-lgcc --build-id -m i386pep --wrap _Znwm --wrap _Znam --wrap _ZdlPv --wrap _ZdaPv --wrap _ZnwmRKSt9nothrow_t --wrap _ZnamRKSt9nothrow_t --wrap _ZdlPvRKSt9nothrow_t --wrap _ZdaPvRKSt9nothrow_t -Bdynamic --dll-search-prefix=cyg --tsaware -o cmTC_ce143.exe /usr/lib/gcc/x86_64-pc-cygwin/6.4.0/../../../../lib/crt0.o /usr/lib/gcc/x86_64-pc-cygwin/6.4.0/crtbegin.o -L/usr/lib/gcc/x86_64-pc-cygwin/6.4.0 -L/usr/lib/gcc/x86_64-pc-cygwin/6.4.0/../../../../x86_64-pc-cygwin/lib/../lib -L/usr/lib/gcc/x86_64-pc-cygwin/6.4.0/../../../../lib -L/lib/../lib -L/usr/lib/../lib -L/usr/lib/gcc/x86_64-pc-cygwin/6.4.0/../../../../x86_64-pc-cygwin/lib -L/usr/lib/gcc/x86_64-pc-cygwin/6.4.0/../../.. --enable-auto-import CMakeFiles/cmTC_ce143.dir/CMakeCCompilerABI.c.o --out-implib libcmTC_ce143.dll.a --major-image-version 0 --minor-image-version 0 -lgcc_s -lgcc -lcygwin -ladvapi32 -lshell32 -luser32 -lkernel32 -lgcc_s -lgcc /usr/lib/gcc/x86_64-pc-cygwin/6.4.0/../../../../lib/default-manifest.o /usr/lib/gcc/x86_64-pc-cygwin/6.4.0/crtend.o
COLLECT_GCC_OPTIONS='-v' '-o' 'cmTC_ce143.exe' '-mtune=generic' '-march=x86-64'
make[1]: Leaving directory '/cygdrive/c/Users/Ethan Grant/CLionProjects/K_Means/cmake-build-debug/CMakeFiles/CMakeTmp'


Parsed C implicit link information from above output:
  link line regex: [^( *|.*[/\])(ld\.exe|([^/\]+-)?ld|collect2)[^/\]*( |$)]
  ignore line: [Change Dir: /cygdrive/c/Users/Ethan Grant/CLionProjects/K_Means/cmake-build-debug/CMakeFiles/CMakeTmp]
  ignore line: []
  ignore line: [Run Build Command:"/usr/bin/make.exe" "cmTC_ce143/fast"]
  ignore line: [/usr/bin/make -f CMakeFiles/cmTC_ce143.dir/build.make CMakeFiles/cmTC_ce143.dir/build]
  ignore line: [make[1]: Entering directory '/cygdrive/c/Users/Ethan Grant/CLionProjects/K_Means/cmake-build-debug/CMakeFiles/CMakeTmp']
  ignore line: [Building C object CMakeFiles/cmTC_ce143.dir/CMakeCCompilerABI.c.o]
  ignore line: [/usr/bin/cc     -o CMakeFiles/cmTC_ce143.dir/CMakeCCompilerABI.c.o   -c "/cygdrive/c/Users/Ethan Grant/.CLion2017.1/system/cygwin_cmake/share/cmake-3.7.2/Modules/CMakeCCompilerABI.c"]
  ignore line: [Linking C executable cmTC_ce143.exe]
  ignore line: ["/cygdrive/c/Users/Ethan Grant/.CLion2017.1/system/cygwin_cmake/bin/cmake.exe" -E cmake_link_script CMakeFiles/cmTC_ce143.dir/link.txt --verbose=1]
  ignore line: [/usr/bin/cc     -Wl,--enable-auto-import -v CMakeFiles/cmTC_ce143.dir/CMakeCCompilerABI.c.o  -o cmTC_ce143.exe -Wl,--out-implib,libcmTC_ce143.dll.a -Wl,--major-image-version,0,--minor-image-version,0  ]
  ignore line: [Using built-in specs.]
  ignore line: [COLLECT_GCC=/usr/bin/cc]
  ignore line: [COLLECT_LTO_WRAPPER=/usr/lib/gcc/x86_64-pc-cygwin/6.4.0/lto-wrapper.exe]
  ignore line: [Target: x86_64-pc-cygwin]
  ignore line: [Configured with: /cygdrive/i/szsz/tmpp/gcc/gcc-6.4.0-4.x86_64/src/gcc-6.4.0/configure --srcdir=/cygdrive/i/szsz/tmpp/gcc/gcc-6.4.0-4.x86_64/src/gcc-6.4.0 --prefix=/usr --exec-prefix=/usr --localstatedir=/var --sysconfdir=/etc --docdir=/usr/share/doc/gcc --htmldir=/usr/share/doc/gcc/html -C --build=x86_64-pc-cygwin --host=x86_64-pc-cygwin --target=x86_64-pc-cygwin --without-libiconv-prefix --without-libintl-prefix --libexecdir=/usr/lib --enable-shared --enable-shared-libgcc --enable-static --enable-version-specific-runtime-libs --enable-bootstrap --enable-__cxa_atexit --with-dwarf2 --with-tune=generic --enable-languages=ada,c,c++,fortran,lto,objc,obj-c++ --enable-graphite --enable-threads=posix --enable-libatomic --enable-libcilkrts --enable-libgomp --enable-libitm --enable-libquadmath --enable-libquadmath-support --enable-libssp --enable-libada --disable-symvers --with-gnu-ld --with-gnu-as --with-cloog-include=/usr/include/cloog-isl --without-libiconv-prefix --without-libintl-prefix --with-system-zlib --enable-linker-build-id --with-default-libstdcxx-abi=gcc4-compatible]
  ignore line: [Thread model: posix]
  ignore line: [gcc version 6.4.0 (GCC) ]
  ignore line: [COMPILER_PATH=/usr/lib/gcc/x86_64-pc-cygwin/6.4.0/:/usr/lib/gcc/x86_64-pc-cygwin/6.4.0/:/usr/lib/gcc/x86_64-pc-cygwin/:/usr/lib/gcc/x86_64-pc-cygwin/6.4.0/:/usr/lib/gcc/x86_64-pc-cygwin/:/usr/lib/gcc/x86_64-pc-cygwin/6.4.0/../../../../x86_64-pc-cygwin/bin/]
  ignore line: [LIBRARY_PATH=/usr/lib/gcc/x86_64-pc-cygwin/6.4.0/:/usr/lib/gcc/x86_64-pc-cygwin/6.4.0/../../../../x86_64-pc-cygwin/lib/../lib/:/usr/lib/gcc/x86_64-pc-cygwin/6.4.0/../../../../lib/:/lib/../lib/:/usr/lib/../lib/:/usr/lib/gcc/x86_64-pc-cygwin/6.4.0/../../../../x86_64-pc-cygwin/lib/:/usr/lib/gcc/x86_64-pc-cygwin/6.4.0/../../../:/lib/:/usr/lib/]
  ignore line: [COLLECT_GCC_OPTIONS='-v' '-o' 'cmTC_ce143.exe' '-mtune=generic' '-march=x86-64']
  link line: [ /usr/lib/gcc/x86_64-pc-cygwin/6.4.0/collect2.exe -plugin /usr/lib/gcc/x86_64-pc-cygwin/6.4.0/cyglto_plugin.dll -plugin-opt=/usr/lib/gcc/x86_64-pc-cygwin/6.4.0/lto-wrapper.exe -plugin-opt=-fresolution=/tmp/cc2oNsa5.res -plugin-opt=-pass-through=-lgcc_s -plugin-opt=-pass-through=-lgcc -plugin-opt=-pass-through=-lcygwin -plugin-opt=-pass-through=-ladvapi32 -plugin-opt=-pass-through=-lshell32 -plugin-opt=-pass-through=-luser32 -plugin-opt=-pass-through=-lkernel32 -plugin-opt=-pass-through=-lgcc_s -plugin-opt=-pass-through=-lgcc --build-id -m i386pep --wrap _Znwm --wrap _Znam --wrap _ZdlPv --wrap _ZdaPv --wrap _ZnwmRKSt9nothrow_t --wrap _ZnamRKSt9nothrow_t --wrap _ZdlPvRKSt9nothrow_t --wrap _ZdaPvRKSt9nothrow_t -Bdynamic --dll-search-prefix=cyg --tsaware -o cmTC_ce143.exe /usr/lib/gcc/x86_64-pc-cygwin/6.4.0/../../../../lib/crt0.o /usr/lib/gcc/x86_64-pc-cygwin/6.4.0/crtbegin.o -L/usr/lib/gcc/x86_64-pc-cygwin/6.4.0 -L/usr/lib/gcc/x86_64-pc-cygwin/6.4.0/../../../../x86_64-pc-cygwin/lib/../lib -L/usr/lib/gcc/x86_64-pc-cygwin/6.4.0/../../../../lib -L/lib/../lib -L/usr/lib/../lib -L/usr/lib/gcc/x86_64-pc-cygwin/6.4.0/../../../../x86_64-pc-cygwin/lib -L/usr/lib/gcc/x86_64-pc-cygwin/6.4.0/../../.. --enable-auto-import CMakeFiles/cmTC_ce143.dir/CMakeCCompilerABI.c.o --out-implib libcmTC_ce143.dll.a --major-image-version 0 --minor-image-version 0 -lgcc_s -lgcc -lcygwin -ladvapi32 -lshell32 -luser32 -lkernel32 -lgcc_s -lgcc /usr/lib/gcc/x86_64-pc-cygwin/6.4.0/../../../../lib/default-manifest.o /usr/lib/gcc/x86_64-pc-cygwin/6.4.0/crtend.o]
    arg [/usr/lib/gcc/x86_64-pc-cygwin/6.4.0/collect2.exe] ==> ignore
    arg [-plugin] ==> ignore
    arg [/usr/lib/gcc/x86_64-pc-cygwin/6.4.0/cyglto_plugin.dll] ==> ignore
    arg [-plugin-opt=/usr/lib/gcc/x86_64-pc-cygwin/6.4.0/lto-wrapper.exe] ==> ignore
    arg [-plugin-opt=-fresolution=/tmp/cc2oNsa5.res] ==> ignore
    arg [-plugin-opt=-pass-through=-lgcc_s] ==> ignore
    arg [-plugin-opt=-pass-through=-lgcc] ==> ignore
    arg [-plugin-opt=-pass-through=-lcygwin] ==> ignore
    arg [-plugin-opt=-pass-through=-ladvapi32] ==> ignore
    arg [-plugin-opt=-pass-through=-lshell32] ==> ignore
    arg [-plugin-opt=-pass-through=-luser32] ==> ignore
    arg [-plugin-opt=-pass-through=-lkernel32] ==> ignore
    arg [-plugin-opt=-pass-through=-lgcc_s] ==> ignore
    arg [-plugin-opt=-pass-through=-lgcc] ==> ignore
    arg [--build-id] ==> ignore
    arg [-m] ==> ignore
    arg [i386pep] ==> ignore
    arg [--wrap] ==> ignore
    arg [_Znwm] ==> ignore
    arg [--wrap] ==> ignore
    arg [_Znam] ==> ignore
    arg [--wrap] ==> ignore
    arg [_ZdlPv] ==> ignore
    arg [--wrap] ==> ignore
    arg [_ZdaPv] ==> ignore
    arg [--wrap] ==> ignore
    arg [_ZnwmRKSt9nothrow_t] ==> ignore
    arg [--wrap] ==> ignore
    arg [_ZnamRKSt9nothrow_t] ==> ignore
    arg [--wrap] ==> ignore
    arg [_ZdlPvRKSt9nothrow_t] ==> ignore
    arg [--wrap] ==> ignore
    arg [_ZdaPvRKSt9nothrow_t] ==> ignore
    arg [-Bdynamic] ==> ignore
    arg [--dll-search-prefix=cyg] ==> ignore
    arg [--tsaware] ==> ignore
    arg [-o] ==> ignore
    arg [cmTC_ce143.exe] ==> ignore
    arg [/usr/lib/gcc/x86_64-pc-cygwin/6.4.0/../../../../lib/crt0.o] ==> ignore
    arg [/usr/lib/gcc/x86_64-pc-cygwin/6.4.0/crtbegin.o] ==> ignore
    arg [-L/usr/lib/gcc/x86_64-pc-cygwin/6.4.0] ==> dir [/usr/lib/gcc/x86_64-pc-cygwin/6.4.0]
    arg [-L/usr/lib/gcc/x86_64-pc-cygwin/6.4.0/../../../../x86_64-pc-cygwin/lib/../lib] ==> dir [/usr/lib/gcc/x86_64-pc-cygwin/6.4.0/../../../../x86_64-pc-cygwin/lib/../lib]
    arg [-L/usr/lib/gcc/x86_64-pc-cygwin/6.4.0/../../../../lib] ==> dir [/usr/lib/gcc/x86_64-pc-cygwin/6.4.0/../../../../lib]
    arg [-L/lib/../lib] ==> dir [/lib/../lib]
    arg [-L/usr/lib/../lib] ==> dir [/usr/lib/../lib]
    arg [-L/usr/lib/gcc/x86_64-pc-cygwin/6.4.0/../../../../x86_64-pc-cygwin/lib] ==> dir [/usr/lib/gcc/x86_64-pc-cygwin/6.4.0/../../../../x86_64-pc-cygwin/lib]
    arg [-L/usr/lib/gcc/x86_64-pc-cygwin/6.4.0/../../..] ==> dir [/usr/lib/gcc/x86_64-pc-cygwin/6.4.0/../../..]
    arg [--enable-auto-import] ==> ignore
    arg [CMakeFiles/cmTC_ce143.dir/CMakeCCompilerABI.c.o] ==> ignore
    arg [--out-implib] ==> ignore
    arg [libcmTC_ce143.dll.a] ==> ignore
    arg [--major-image-version] ==> ignore
    arg [0] ==> ignore
    arg [--minor-image-version] ==> ignore
    arg [0] ==> ignore
    arg [-lgcc_s] ==> lib [gcc_s]
    arg [-lgcc] ==> lib [gcc]
    arg [-lcygwin] ==> lib [cygwin]
    arg [-ladvapi32] ==> lib [advapi32]
    arg [-lshell32] ==> lib [shell32]
    arg [-luser32] ==> lib [user32]
    arg [-lkernel32] ==> lib [kernel32]
    arg [-lgcc_s] ==> lib [gcc_s]
    arg [-lgcc] ==> lib [gcc]
    arg [/usr/lib/gcc/x86_64-pc-cygwin/6.4.0/../../../../lib/default-manifest.o] ==> ignore
    arg [/usr/lib/gcc/x86_64-pc-cygwin/6.4.0/crtend.o] ==> ignore
  remove lib [gcc_s]
  remove lib [gcc]
  remove lib [gcc_s]
  remove lib [gcc]
  collapse library dir [/usr/lib/gcc/x86_64-pc-cygwin/6.4.0] ==> [/usr/lib/gcc/x86_64-pc-cygwin/6.4.0]
  collapse library dir [/usr/lib/gcc/x86_64-pc-cygwin/6.4.0/../../../../x86_64-pc-cygwin/lib/../lib] ==> [/usr/x86_64-pc-cygwin/lib]
  collapse library dir [/usr/lib/gcc/x86_64-pc-cygwin/6.4.0/../../../../lib] ==> [/usr/lib]
  collapse library dir [/lib/../lib] ==> [/lib]
  collapse library dir [/usr/lib/../lib] ==> [/usr/lib]
  collapse library dir [/usr/lib/gcc/x86_64-pc-cygwin/6.4.0/../../../../x86_64-pc-cygwin/lib] ==> [/usr/x86_64-pc-cygwin/lib]
  collapse library dir [/usr/lib/gcc/x86_64-pc-cygwin/6.4.0/../../..] ==> [/usr/lib]
  implicit libs: [cygwin;advapi32;shell32;user32;kernel32]
  implicit dirs: [/usr/lib/gcc/x86_64-pc-cygwin/6.4.0;/usr/x86_64-pc-cygwin/lib;/usr/lib;/lib]
  implicit fwks: []




Detecting C [-std=c11] compiler features compiled with the following output:
Change Dir: /cygdrive/c/Users/Ethan Grant/CLionProjects/K_Means/cmake-build-debug/CMakeFiles/CMakeTmp

Run Build Command:"/usr/bin/make.exe" "cmTC_202db/fast"
/usr/bin/make -f CMakeFiles/cmTC_202db.dir/build.make CMakeFiles/cmTC_202db.dir/build
make[1]: Entering directory '/cygdrive/c/Users/Ethan Grant/CLionProjects/K_Means/cmake-build-debug/CMakeFiles/CMakeTmp'
Building C object CMakeFiles/cmTC_202db.dir/feature_tests.c.o
/usr/bin/cc    -std=c11 -o CMakeFiles/cmTC_202db.dir/feature_tests.c.o   -c "/cygdrive/c/Users/Ethan Grant/CLionProjects/K_Means/cmake-build-debug/CMakeFiles/feature_tests.c"
Linking C executable cmTC_202db.exe
"/cygdrive/c/Users/Ethan Grant/.CLion2017.1/system/cygwin_cmake/bin/cmake.exe" -E cmake_link_script CMakeFiles/cmTC_202db.dir/link.txt --verbose=1
/usr/bin/cc     -Wl,--enable-auto-import  CMakeFiles/cmTC_202db.dir/feature_tests.c.o  -o cmTC_202db.exe -Wl,--out-implib,libcmTC_202db.dll.a -Wl,--major-image-version,0,--minor-image-version,0 
make[1]: Leaving directory '/cygdrive/c/Users/Ethan Grant/CLionProjects/K_Means/cmake-build-debug/CMakeFiles/CMakeTmp'


    Feature record: C_FEATURE:1c_function_prototypes
    Feature record: C_FEATURE:1c_restrict
    Feature record: C_FEATURE:1c_static_assert
    Feature record: C_FEATURE:1c_variadic_macros


Detecting C [-std=c99] compiler features compiled with the following output:
Change Dir: /cygdrive/c/Users/Ethan Grant/CLionProjects/K_Means/cmake-build-debug/CMakeFiles/CMakeTmp

Run Build Command:"/usr/bin/make.exe" "cmTC_d14e9/fast"
/usr/bin/make -f CMakeFiles/cmTC_d14e9.dir/build.make CMakeFiles/cmTC_d14e9.dir/build
make[1]: Entering directory '/cygdrive/c/Users/Ethan Grant/CLionProjects/K_Means/cmake-build-debug/CMakeFiles/CMakeTmp'
Building C object CMakeFiles/cmTC_d14e9.dir/feature_tests.c.o
/usr/bin/cc    -std=c99 -o CMakeFiles/cmTC_d14e9.dir/feature_tests.c.o   -c "/cygdrive/c/Users/Ethan Grant/CLionProjects/K_Means/cmake-build-debug/CMakeFiles/feature_tests.c"
Linking C executable cmTC_d14e9.exe
"/cygdrive/c/Users/Ethan Grant/.CLion2017.1/system/cygwin_cmake/bin/cmake.exe" -E cmake_link_script CMakeFiles/cmTC_d14e9.dir/link.txt --verbose=1
/usr/bin/cc     -Wl,--enable-auto-import  CMakeFiles/cmTC_d14e9.dir/feature_tests.c.o  -o cmTC_d14e9.exe -Wl,--out-implib,libcmTC_d14e9.dll.a -Wl,--major-image-version,0,--minor-image-version,0 
make[1]: Leaving directory '/cygdrive/c/Users/Ethan Grant/CLionProjects/K_Means/cmake-build-debug/CMakeFiles/CMakeTmp'


    Feature record: C_FEATURE:1c_function_prototypes
    Feature record: C_FEATURE:1c_restrict
    Feature record: C_FEATURE:0c_static_assert
    Feature record: C_FEATURE:1c_variadic_macros


Detecting C [-std=c90] compiler features compiled with the following output:
Change Dir: /cygdrive/c/Users/Ethan Grant/CLionProjects/K_Means/cmake-build-debug/CMakeFiles/CMakeTmp

Run Build Command:"/usr/bin/make.exe" "cmTC_a6805/fast"
/usr/bin/make -f CMakeFiles/cmTC_a6805.dir/build.make CMakeFiles/cmTC_a6805.dir/build
make[1]: Entering directory '/cygdrive/c/Users/Ethan Grant/CLionProjects/K_Means/cmake-build-debug/CMakeFiles/CMakeTmp'
Building C object CMakeFiles/cmTC_a6805.dir/feature_tests.c.o
/usr/bin/cc    -std=c90 -o CMakeFiles/cmTC_a6805.dir/feature_tests.c.o   -c "/cygdrive/c/Users/Ethan Grant/CLionProjects/K_Means/cmake-build-debug/CMakeFiles/feature_tests.c"
Linking C executable cmTC_a6805.exe
"/cygdrive/c/Users/Ethan Grant/.CLion2017.1/system/cygwin_cmake/bin/cmake.exe" -E cmake_link_script CMakeFiles/cmTC_a6805.dir/link.txt --verbose=1
/usr/bin/cc     -Wl,--enable-auto-import  CMakeFiles/cmTC_a6805.dir/feature_tests.c.o  -o cmTC_a6805.exe -Wl,--out-implib,libcmTC_a6805.dll.a -Wl,--major-image-version,0,--minor-image-version,0 
make[1]: Leaving directory '/cygdrive/c/Users/Ethan Grant/CLionProjects/K_Means/cmake-build-debug/CMakeFiles/CMakeTmp'


    Feature record: C_FEATURE:1c_function_prototypes
    Feature record: C_FEATURE:0c_restrict
    Feature record: C_FEATURE:0c_static_assert
    Feature record: C_FEATURE:0c_variadic_macros
Determining if the CXX compiler works passed with the following output:
Change Dir: /cygdrive/c/Users/Ethan Grant/CLionProjects/K_Means/cmake-build-debug/CMakeFiles/CMakeTmp

Run Build Command:"/usr/bin/make.exe" "cmTC_d20fc/fast"
/usr/bin/make -f CMakeFiles/cmTC_d20fc.dir/build.make CMakeFiles/cmTC_d20fc.dir/build
make[1]: Entering directory '/cygdrive/c/Users/Ethan Grant/CLionProjects/K_Means/cmake-build-debug/CMakeFiles/CMakeTmp'
Building CXX object CMakeFiles/cmTC_d20fc.dir/testCXXCompiler.cxx.o
/usr/bin/c++.exe      -o CMakeFiles/cmTC_d20fc.dir/testCXXCompiler.cxx.o -c "/cygdrive/c/Users/Ethan Grant/CLionProjects/K_Means/cmake-build-debug/CMakeFiles/CMakeTmp/testCXXCompiler.cxx"
Linking CXX executable cmTC_d20fc.exe
"/cygdrive/c/Users/Ethan Grant/.CLion2017.1/system/cygwin_cmake/bin/cmake.exe" -E cmake_link_script CMakeFiles/cmTC_d20fc.dir/link.txt --verbose=1
/usr/bin/c++.exe     -Wl,--enable-auto-import  CMakeFiles/cmTC_d20fc.dir/testCXXCompiler.cxx.o  -o cmTC_d20fc.exe -Wl,--out-implib,libcmTC_d20fc.dll.a -Wl,--major-image-version,0,--minor-image-version,0 
make[1]: Leaving directory '/cygdrive/c/Users/Ethan Grant/CLionProjects/K_Means/cmake-build-debug/CMakeFiles/CMakeTmp'


Detecting CXX compiler ABI info compiled with the following output:
Change Dir: /cygdrive/c/Users/Ethan Grant/CLionProjects/K_Means/cmake-build-debug/CMakeFiles/CMakeTmp

Run Build Command:"/usr/bin/make.exe" "cmTC_ddd60/fast"
/usr/bin/make -f CMakeFiles/cmTC_ddd60.dir/build.make CMakeFiles/cmTC_ddd60.dir/build
make[1]: Entering directory '/cygdrive/c/Users/Ethan Grant/CLionProjects/K_Means/cmake-build-debug/CMakeFiles/CMakeTmp'
Building CXX object CMakeFiles/cmTC_ddd60.dir/CMakeCXXCompilerABI.cpp.o
/usr/bin/c++.exe      -o CMakeFiles/cmTC_ddd60.dir/CMakeCXXCompilerABI.cpp.o -c "/cygdrive/c/Users/Ethan Grant/.CLion2017.1/system/cygwin_cmake/share/cmake-3.7.2/Modules/CMakeCXXCompilerABI.cpp"
Linking CXX executable cmTC_ddd60.exe
"/cygdrive/c/Users/Ethan Grant/.CLion2017.1/system/cygwin_cmake/bin/cmake.exe" -E cmake_link_script CMakeFiles/cmTC_ddd60.dir/link.txt --verbose=1
/usr/bin/c++.exe     -Wl,--enable-auto-import -v CMakeFiles/cmTC_ddd60.dir/CMakeCXXCompilerABI.cpp.o  -o cmTC_ddd60.exe -Wl,--out-implib,libcmTC_ddd60.dll.a -Wl,--major-image-version,0,--minor-image-version,0  
Using built-in specs.
COLLECT_GCC=/usr/bin/c++
COLLECT_LTO_WRAPPER=/usr/lib/gcc/x86_64-pc-cygwin/6.4.0/lto-wrapper.exe
Target: x86_64-pc-cygwin
Configured with: /cygdrive/i/szsz/tmpp/gcc/gcc-6.4.0-4.x86_64/src/gcc-6.4.0/configure --srcdir=/cygdrive/i/szsz/tmpp/gcc/gcc-6.4.0-4.x86_64/src/gcc-6.4.0 --prefix=/usr --exec-prefix=/usr --localstatedir=/var --sysconfdir=/etc --docdir=/usr/share/doc/gcc --htmldir=/usr/share/doc/gcc/html -C --build=x86_64-pc-cygwin --host=x86_64-pc-cygwin --target=x86_64-pc-cygwin --without-libiconv-prefix --without-libintl-prefix --libexecdir=/usr/lib --enable-shared --enable-shared-libgcc --enable-static --enable-version-specific-runtime-libs --enable-bootstrap --enable-__cxa_atexit --with-dwarf2 --with-tune=generic --enable-languages=ada,c,c++,fortran,lto,objc,obj-c++ --enable-graphite --enable-threads=posix --enable-libatomic --enable-libcilkrts --enable-libgomp --enable-libitm --enable-libquadmath --enable-libquadmath-support --enable-libssp --enable-libada --disable-symvers --with-gnu-ld --with-gnu-as --with-cloog-include=/usr/include/cloog-isl --without-libiconv-prefix --without-libintl-prefix --with-system-zlib --enable-linker-build-id --with-default-libstdcxx-abi=gcc4-compatible
Thread model: posix
gcc version 6.4.0 (GCC) 
COMPILER_PATH=/usr/lib/gcc/x86_64-pc-cygwin/6.4.0/:/usr/lib/gcc/x86_64-pc-cygwin/6.4.0/:/usr/lib/gcc/x86_64-pc-cygwin/:/usr/lib/gcc/x86_64-pc-cygwin/6.4.0/:/usr/lib/gcc/x86_64-pc-cygwin/:/usr/lib/gcc/x86_64-pc-cygwin/6.4.0/../../../../x86_64-pc-cygwin/bin/
LIBRARY_PATH=/usr/lib/gcc/x86_64-pc-cygwin/6.4.0/:/usr/lib/gcc/x86_64-pc-cygwin/6.4.0/../../../../x86_64-pc-cygwin/lib/../lib/:/usr/lib/gcc/x86_64-pc-cygwin/6.4.0/../../../../lib/:/lib/../lib/:/usr/lib/../lib/:/usr/lib/gcc/x86_64-pc-cygwin/6.4.0/../../../../x86_64-pc-cygwin/lib/:/usr/lib/gcc/x86_64-pc-cygwin/6.4.0/../../../:/lib/:/usr/lib/
COLLECT_GCC_OPTIONS='-v' '-o' 'cmTC_ddd60.exe' '-shared-libgcc' '-mtune=generic' '-march=x86-64'
 /usr/lib/gcc/x86_64-pc-cygwin/6.4.0/collect2.exe -plugin /usr/lib/gcc/x86_64-pc-cygwin/6.4.0/cyglto_plugin.dll -plugin-opt=/usr/lib/gcc/x86_64-pc-cygwin/6.4.0/lto-wrapper.exe -plugin-opt=-fresolution=/tmp/ccrJUe1v.res -plugin-opt=-pass-through=-lgcc_s -plugin-opt=-pass-through=-lgcc -plugin-opt=-pass-through=-lcygwin -plugin-opt=-pass-through=-ladvapi32 -plugin-opt=-pass-through=-lshell32 -plugin-opt=-pass-through=-luser32 -plugin-opt=-pass-through=-lkernel32 -plugin-opt=-pass-through=-lgcc_s -plugin-opt=-pass-through=-lgcc --build-id -m i386pep --wrap _Znwm --wrap _Znam --wrap _ZdlPv --wrap _ZdaPv --wrap _ZnwmRKSt9nothrow_t --wrap _ZnamRKSt9nothrow_t --wrap _ZdlPvRKSt9nothrow_t --wrap _ZdaPvRKSt9nothrow_t -Bdynamic --dll-search-prefix=cyg --tsaware -o cmTC_ddd60.exe /usr/lib/gcc/x86_64-pc-cygwin/6.4.0/../../../../lib/crt0.o /usr/lib/gcc/x86_64-pc-cygwin/6.4.0/crtbegin.o -L/usr/lib/gcc/x86_64-pc-cygwin/6.4.0 -L/usr/lib/gcc/x86_64-pc-cygwin/6.4.0/../../../../x86_64-pc-cygwin/lib/../lib -L/usr/lib/gcc/x86_64-pc-cygwin/6.4.0/../../../../lib -L/lib/../lib -L/usr/lib/../lib -L/usr/lib/gcc/x86_64-pc-cygwin/6.4.0/../../../../x86_64-pc-cygwin/lib -L/usr/lib/gcc/x86_64-pc-cygwin/6.4.0/../../.. --enable-auto-import CMakeFiles/cmTC_ddd60.dir/CMakeCXXCompilerABI.cpp.o --out-implib libcmTC_ddd60.dll.a --major-image-version 0 --minor-image-version 0 -lstdc++ -lgcc_s -lgcc -lcygwin -ladvapi32 -lshell32 -luser32 -lkernel32 -lgcc_s -lgcc /usr/lib/gcc/x86_64-pc-cygwin/6.4.0/../../../../lib/default-manifest.o /usr/lib/gcc/x86_64-pc-cygwin/6.4.0/crtend.o
COLLECT_GCC_OPTIONS='-v' '-o' 'cmTC_ddd60.exe' '-shared-libgcc' '-mtune=generic' '-march=x86-64'
make[1]: Leaving directory '/cygdrive/c/Users/Ethan Grant/CLionProjects/K_Means/cmake-build-debug/CMakeFiles/CMakeTmp'


Parsed CXX implicit link information from above output:
  link line regex: [^( *|.*[/\])(ld\.exe|([^/\]+-)?ld|collect2)[^/\]*( |$)]
  ignore line: [Change Dir: /cygdrive/c/Users/Ethan Grant/CLionProjects/K_Means/cmake-build-debug/CMakeFiles/CMakeTmp]
  ignore line: []
  ignore line: [Run Build Command:"/usr/bin/make.exe" "cmTC_ddd60/fast"]
  ignore line: [/usr/bin/make -f CMakeFiles/cmTC_ddd60.dir/build.make CMakeFiles/cmTC_ddd60.dir/build]
  ignore line: [make[1]: Entering directory '/cygdrive/c/Users/Ethan Grant/CLionProjects/K_Means/cmake-build-debug/CMakeFiles/CMakeTmp']
  ignore line: [Building CXX object CMakeFiles/cmTC_ddd60.dir/CMakeCXXCompilerABI.cpp.o]
  ignore line: [/usr/bin/c++.exe      -o CMakeFiles/cmTC_ddd60.dir/CMakeCXXCompilerABI.cpp.o -c "/cygdrive/c/Users/Ethan Grant/.CLion2017.1/system/cygwin_cmake/share/cmake-3.7.2/Modules/CMakeCXXCompilerABI.cpp"]
  ignore line: [Linking CXX executable cmTC_ddd60.exe]
  ignore line: ["/cygdrive/c/Users/Ethan Grant/.CLion2017.1/system/cygwin_cmake/bin/cmake.exe" -E cmake_link_script CMakeFiles/cmTC_ddd60.dir/link.txt --verbose=1]
  ignore line: [/usr/bin/c++.exe     -Wl,--enable-auto-import -v CMakeFiles/cmTC_ddd60.dir/CMakeCXXCompilerABI.cpp.o  -o cmTC_ddd60.exe -Wl,--out-implib,libcmTC_ddd60.dll.a -Wl,--major-image-version,0,--minor-image-version,0  ]
  ignore line: [Using built-in specs.]
  ignore line: [COLLECT_GCC=/usr/bin/c++]
  ignore line: [COLLECT_LTO_WRAPPER=/usr/lib/gcc/x86_64-pc-cygwin/6.4.0/lto-wrapper.exe]
  ignore line: [Target: x86_64-pc-cygwin]
  ignore line: [Configured with: /cygdrive/i/szsz/tmpp/gcc/gcc-6.4.0-4.x86_64/src/gcc-6.4.0/configure --srcdir=/cygdrive/i/szsz/tmpp/gcc/gcc-6.4.0-4.x86_64/src/gcc-6.4.0 --prefix=/usr --exec-prefix=/usr --localstatedir=/var --sysconfdir=/etc --docdir=/usr/share/doc/gcc --htmldir=/usr/share/doc/gcc/html -C --build=x86_64-pc-cygwin --host=x86_64-pc-cygwin --target=x86_64-pc-cygwin --without-libiconv-prefix --without-libintl-prefix --libexecdir=/usr/lib --enable-shared --enable-shared-libgcc --enable-static --enable-version-specific-runtime-libs --enable-bootstrap --enable-__cxa_atexit --with-dwarf2 --with-tune=generic --enable-languages=ada,c,c++,fortran,lto,objc,obj-c++ --enable-graphite --enable-threads=posix --enable-libatomic --enable-libcilkrts --enable-libgomp --enable-libitm --enable-libquadmath --enable-libquadmath-support --enable-libssp --enable-libada --disable-symvers --with-gnu-ld --with-gnu-as --with-cloog-include=/usr/include/cloog-isl --without-libiconv-prefix --without-libintl-prefix --with-system-zlib --enable-linker-build-id --with-default-libstdcxx-abi=gcc4-compatible]
  ignore line: [Thread model: posix]
  ignore line: [gcc version 6.4.0 (GCC) ]
  ignore line: [COMPILER_PATH=/usr/lib/gcc/x86_64-pc-cygwin/6.4.0/:/usr/lib/gcc/x86_64-pc-cygwin/6.4.0/:/usr/lib/gcc/x86_64-pc-cygwin/:/usr/lib/gcc/x86_64-pc-cygwin/6.4.0/:/usr/lib/gcc/x86_64-pc-cygwin/:/usr/lib/gcc/x86_64-pc-cygwin/6.4.0/../../../../x86_64-pc-cygwin/bin/]
  ignore line: [LIBRARY_PATH=/usr/lib/gcc/x86_64-pc-cygwin/6.4.0/:/usr/lib/gcc/x86_64-pc-cygwin/6.4.0/../../../../x86_64-pc-cygwin/lib/../lib/:/usr/lib/gcc/x86_64-pc-cygwin/6.4.0/../../../../lib/:/lib/../lib/:/usr/lib/../lib/:/usr/lib/gcc/x86_64-pc-cygwin/6.4.0/../../../../x86_64-pc-cygwin/lib/:/usr/lib/gcc/x86_64-pc-cygwin/6.4.0/../../../:/lib/:/usr/lib/]
  ignore line: [COLLECT_GCC_OPTIONS='-v' '-o' 'cmTC_ddd60.exe' '-shared-libgcc' '-mtune=generic' '-march=x86-64']
  link line: [ /usr/lib/gcc/x86_64-pc-cygwin/6.4.0/collect2.exe -plugin /usr/lib/gcc/x86_64-pc-cygwin/6.4.0/cyglto_plugin.dll -plugin-opt=/usr/lib/gcc/x86_64-pc-cygwin/6.4.0/lto-wrapper.exe -plugin-opt=-fresolution=/tmp/ccrJUe1v.res -plugin-opt=-pass-through=-lgcc_s -plugin-opt=-pass-through=-lgcc -plugin-opt=-pass-through=-lcygwin -plugin-opt=-pass-through=-ladvapi32 -plugin-opt=-pass-through=-lshell32 -plugin-opt=-pass-through=-luser32 -plugin-opt=-pass-through=-lkernel32 -plugin-opt=-pass-through=-lgcc_s -plugin-opt=-pass-through=-lgcc --build-id -m i386pep --wrap _Znwm --wrap _Znam --wrap _ZdlPv --wrap _ZdaPv --wrap _ZnwmRKSt9nothrow_t --wrap _ZnamRKSt9nothrow_t --wrap _ZdlPvRKSt9nothrow_t --wrap _ZdaPvRKSt9nothrow_t -Bdynamic --dll-search-prefix=cyg --tsaware -o cmTC_ddd60.exe /usr/lib/gcc/x86_64-pc-cygwin/6.4.0/../../../../lib/crt0.o /usr/lib/gcc/x86_64-pc-cygwin/6.4.0/crtbegin.o -L/usr/lib/gcc/x86_64-pc-cygwin/6.4.0 -L/usr/lib/gcc/x86_64-pc-cygwin/6.4.0/../../../../x86_64-pc-cygwin/lib/../lib -L/usr/lib/gcc/x86_64-pc-cygwin/6.4.0/../../../../lib -L/lib/../lib -L/usr/lib/../lib -L/usr/lib/gcc/x86_64-pc-cygwin/6.4.0/../../../../x86_64-pc-cygwin/lib -L/usr/lib/gcc/x86_64-pc-cygwin/6.4.0/../../.. --enable-auto-import CMakeFiles/cmTC_ddd60.dir/CMakeCXXCompilerABI.cpp.o --out-implib libcmTC_ddd60.dll.a --major-image-version 0 --minor-image-version 0 -lstdc++ -lgcc_s -lgcc -lcygwin -ladvapi32 -lshell32 -luser32 -lkernel32 -lgcc_s -lgcc /usr/lib/gcc/x86_64-pc-cygwin/6.4.0/../../../../lib/default-manifest.o /usr/lib/gcc/x86_64-pc-cygwin/6.4.0/crtend.o]
    arg [/usr/lib/gcc/x86_64-pc-cygwin/6.4.0/collect2.exe] ==> ignore
    arg [-plugin] ==> ignore
    arg [/usr/lib/gcc/x86_64-pc-cygwin/6.4.0/cyglto_plugin.dll] ==> ignore
    arg [-plugin-opt=/usr/lib/gcc/x86_64-pc-cygwin/6.4.0/lto-wrapper.exe] ==> ignore
    arg [-plugin-opt=-fresolution=/tmp/ccrJUe1v.res] ==> ignore
    arg [-plugin-opt=-pass-through=-lgcc_s] ==> ignore
    arg [-plugin-opt=-pass-through=-lgcc] ==> ignore
    arg [-plugin-opt=-pass-through=-lcygwin] ==> ignore
    arg [-plugin-opt=-pass-through=-ladvapi32] ==> ignore
    arg [-plugin-opt=-pass-through=-lshell32] ==> ignore
    arg [-plugin-opt=-pass-through=-luser32] ==> ignore
    arg [-plugin-opt=-pass-through=-lkernel32] ==> ignore
    arg [-plugin-opt=-pass-through=-lgcc_s] ==> ignore
    arg [-plugin-opt=-pass-through=-lgcc] ==> ignore
    arg [--build-id] ==> ignore
    arg [-m] ==> ignore
    arg [i386pep] ==> ignore
    arg [--wrap] ==> ignore
    arg [_Znwm] ==> ignore
    arg [--wrap] ==> ignore
    arg [_Znam] ==> ignore
    arg [--wrap] ==> ignore
    arg [_ZdlPv] ==> ignore
    arg [--wrap] ==> ignore
    arg [_ZdaPv] ==> ignore
    arg [--wrap] ==> ignore
    arg [_ZnwmRKSt9nothrow_t] ==> ignore
    arg [--wrap] ==> ignore
    arg [_ZnamRKSt9nothrow_t] ==> ignore
    arg [--wrap] ==> ignore
    arg [_ZdlPvRKSt9nothrow_t] ==> ignore
    arg [--wrap] ==> ignore
    arg [_ZdaPvRKSt9nothrow_t] ==> ignore
    arg [-Bdynamic] ==> ignore
    arg [--dll-search-prefix=cyg] ==> ignore
    arg [--tsaware] ==> ignore
    arg [-o] ==> ignore
    arg [cmTC_ddd60.exe] ==> ignore
    arg [/usr/lib/gcc/x86_64-pc-cygwin/6.4.0/../../../../lib/crt0.o] ==> ignore
    arg [/usr/lib/gcc/x86_64-pc-cygwin/6.4.0/crtbegin.o] ==> ignore
    arg [-L/usr/lib/gcc/x86_64-pc-cygwin/6.4.0] ==> dir [/usr/lib/gcc/x86_64-pc-cygwin/6.4.0]
    arg [-L/usr/lib/gcc/x86_64-pc-cygwin/6.4.0/../../../../x86_64-pc-cygwin/lib/../lib] ==> dir [/usr/lib/gcc/x86_64-pc-cygwin/6.4.0/../../../../x86_64-pc-cygwin/lib/../lib]
    arg [-L/usr/lib/gcc/x86_64-pc-cygwin/6.4.0/../../../../lib] ==> dir [/usr/lib/gcc/x86_64-pc-cygwin/6.4.0/../../../../lib]
    arg [-L/lib/../lib] ==> dir [/lib/../lib]
    arg [-L/usr/lib/../lib] ==> dir [/usr/lib/../lib]
    arg [-L/usr/lib/gcc/x86_64-pc-cygwin/6.4.0/../../../../x86_64-pc-cygwin/lib] ==> dir [/usr/lib/gcc/x86_64-pc-cygwin/6.4.0/../../../../x86_64-pc-cygwin/lib]
    arg [-L/usr/lib/gcc/x86_64-pc-cygwin/6.4.0/../../..] ==> dir [/usr/lib/gcc/x86_64-pc-cygwin/6.4.0/../../..]
    arg [--enable-auto-import] ==> ignore
    arg [CMakeFiles/cmTC_ddd60.dir/CMakeCXXCompilerABI.cpp.o] ==> ignore
    arg [--out-implib] ==> ignore
    arg [libcmTC_ddd60.dll.a] ==> ignore
    arg [--major-image-version] ==> ignore
    arg [0] ==> ignore
    arg [--minor-image-version] ==> ignore
    arg [0] ==> ignore
    arg [-lstdc++] ==> lib [stdc++]
    arg [-lgcc_s] ==> lib [gcc_s]
    arg [-lgcc] ==> lib [gcc]
    arg [-lcygwin] ==> lib [cygwin]
    arg [-ladvapi32] ==> lib [advapi32]
    arg [-lshell32] ==> lib [shell32]
    arg [-luser32] ==> lib [user32]
    arg [-lkernel32] ==> lib [kernel32]
    arg [-lgcc_s] ==> lib [gcc_s]
    arg [-lgcc] ==> lib [gcc]
    arg [/usr/lib/gcc/x86_64-pc-cygwin/6.4.0/../../../../lib/default-manifest.o] ==> ignore
    arg [/usr/lib/gcc/x86_64-pc-cygwin/6.4.0/crtend.o] ==> ignore
  remove lib [gcc_s]
  remove lib [gcc]
  remove lib [gcc_s]
  remove lib [gcc]
  collapse library dir [/usr/lib/gcc/x86_64-pc-cygwin/6.4.0] ==> [/usr/lib/gcc/x86_64-pc-cygwin/6.4.0]
  collapse library dir [/usr/lib/gcc/x86_64-pc-cygwin/6.4.0/../../../../x86_64-pc-cygwin/lib/../lib] ==> [/usr/x86_64-pc-cygwin/lib]
  collapse library dir [/usr/lib/gcc/x86_64-pc-cygwin/6.4.0/../../../../lib] ==> [/usr/lib]
  collapse library dir [/lib/../lib] ==> [/lib]
  collapse library dir [/usr/lib/../lib] ==> [/usr/lib]
  collapse library dir [/usr/lib/gcc/x86_64-pc-cygwin/6.4.0/../../../../x86_64-pc-cygwin/lib] ==> [/usr/x86_64-pc-cygwin/lib]
  collapse library dir [/usr/lib/gcc/x86_64-pc-cygwin/6.4.0/../../..] ==> [/usr/lib]
  implicit libs: [stdc++;cygwin;advapi32;shell32;user32;kernel32]
  implicit dirs: [/usr/lib/gcc/x86_64-pc-cygwin/6.4.0;/usr/x86_64-pc-cygwin/lib;/usr/lib;/lib]
  implicit fwks: []


